<?xml version="1.0" encoding="UTF-8"?>
<testsuite xmlns:xsi="http://www.w3.org/2001/XMLSchema-instance" xsi:noNamespaceSchemaLocation="https://maven.apache.org/surefire/maven-surefire-plugin/xsd/surefire-test-report-3.0.xsd" version="3.0" name="com.boot.selftop_web.SelfTopWebApplicationTests" time="5.353" tests="1" errors="0" skipped="0" failures="0">
  <properties>
[...]
</properties>
  <testcase name="contextLoads" classname="com.boot.selftop_web.SelfTopWebApplicationTests" time="0.886">
    <system-out><![CDATA[09:41:52.314 [main] INFO org.springframework.test.context.support.AnnotationConfigContextLoaderUtils -- Could not detect default configuration classes for test class [com.boot.selftop_web.SelfTopWebApplicationTests]: SelfTopWebApplicationTests does not declare any static, non-private, non-final, nested classes annotated with @Configuration.
09:41:52.706 [main] INFO org.springframework.boot.test.context.SpringBootTestContextBootstrapper -- Found @SpringBootConfiguration com.boot.selftop_web.SelfTopWebApplication for test class com.boot.selftop_web.SelfTopWebApplicationTests
09:41:52.981 [main] INFO org.springframework.boot.devtools.restart.RestartApplicationListener -- Restart disabled due to context in which it is running

  .   ____          _            __ _ _
 /\\ / ___'_ __ _ _(_)_ __  __ _ \ \ \ \
( ( )\___ | '_ | '_| | '_ \/ _` | \ \ \ \
 \\/  ___)| |_)| | | | | || (_| |  ) ) ) )
  '  |____| .__|_| |_|_| |_\__, | / / / /
 =========|_|==============|___/=/_/_/_/

 :: Spring Boot ::                (v3.3.5)

2024-12-26T09:41:53.309+09:00  INFO 18380 --- [SelfTop_web] [           main] c.b.s.SelfTopWebApplicationTests         : Starting SelfTopWebApplicationTests using Java 17.0.12 with PID 18380 (started by kjs10 in E:\SelfTop\SelfTop\SelfTop_web)
2024-12-26T09:41:53.311+09:00  INFO 18380 --- [SelfTop_web] [           main] c.b.s.SelfTopWebApplicationTests         : No active profile set, falling back to 1 default profile: "default"
2024-12-26T09:41:54.355+09:00  INFO 18380 --- [SelfTop_web] [           main] .s.d.r.c.RepositoryConfigurationDelegate : Bootstrapping Spring Data JDBC repositories in DEFAULT mode.
2024-12-26T09:41:54.389+09:00  INFO 18380 --- [SelfTop_web] [           main] .s.d.r.c.RepositoryConfigurationDelegate : Finished Spring Data repository scanning in 29 ms. Found 0 JDBC repository interfaces.
2024-12-26T09:41:55.454+09:00  INFO 18380 --- [SelfTop_web] [           main] o.s.b.a.w.s.WelcomePageHandlerMapping    : Adding welcome page: class path resource [static/index.html]
2024-12-26T09:41:55.838+09:00  INFO 18380 --- [SelfTop_web] [           main] com.zaxxer.hikari.HikariDataSource       : HikariPool-1 - Starting...
2024-12-26T09:41:56.254+09:00  INFO 18380 --- [SelfTop_web] [           main] com.zaxxer.hikari.pool.HikariPool        : HikariPool-1 - Added connection oracle.jdbc.driver.T4CConnection@3120495d
2024-12-26T09:41:56.257+09:00  INFO 18380 --- [SelfTop_web] [           main] com.zaxxer.hikari.HikariDataSource       : HikariPool-1 - Start completed.
2024-12-26T09:41:56.464+09:00  INFO 18380 --- [SelfTop_web] [           main] c.b.s.SelfTopWebApplicationTests         : Started SelfTopWebApplicationTests in 3.503 seconds (process running for 5.543)
]]></system-out>
  </testcase>
</testsuite>